2019-01-29 16:51:38.071  INFO [-,,,] 5752 --- [main] c.c.c.ConfigServicePropertySourceLocator : Fetching config from server at : http://localhost:12000/
2019-01-29 16:51:41.101  INFO [-,,,] 5752 --- [main] c.c.c.ConfigServicePropertySourceLocator : Located environment: name=min, profiles=[dev], label=master, version=ff18d6939a4afa951ab23917ba1ad8fd561f7278, state=null
2019-01-29 16:51:41.102  INFO [-,,,] 5752 --- [main] b.c.PropertySourceBootstrapConfiguration : Located property source: CompositePropertySource {name='configService', propertySources=[MapPropertySource {name='configClient'}, MapPropertySource {name='https://github.com/IceNardus/spring-cloud-example/conf/min-dev.yml'}]}
2019-01-29 16:51:41.178  INFO [-,,,] 5752 --- [main] com.hoperun.shuma.MinApiApplication      : The following profiles are active: dev
2019-01-29 16:51:41.198  INFO [-,,,] 5752 --- [main] ConfigServletWebServerApplicationContext : Refreshing org.springframework.boot.web.servlet.context.AnnotationConfigServletWebServerApplicationContext@23940f86: startup date [Tue Jan 29 16:51:41 CST 2019]; parent: org.springframework.context.annotation.AnnotationConfigApplicationContext@17f62e33
2019-01-29 16:51:43.041  WARN [-,,,] 5752 --- [main] o.m.s.mapper.ClassPathMapperScanner      : No MyBatis mapper was found in '[com.hoperun.shuma]' package. Please check your configuration.
2019-01-29 16:51:43.405  INFO [-,,,] 5752 --- [main] .s.d.r.c.RepositoryConfigurationDelegate : Multiple Spring Data modules found, entering strict repository configuration mode!
2019-01-29 16:51:43.581  INFO [-,,,] 5752 --- [main] .s.d.r.c.RepositoryConfigurationDelegate : Multiple Spring Data modules found, entering strict repository configuration mode!
2019-01-29 16:51:43.630  INFO [-,,,] 5752 --- [main] .RepositoryConfigurationExtensionSupport : Spring Data Redis - Could not safely identify store assignment for repository candidate interface com.hoperun.shuma.module.jpa.MinGroupActivityJpa.
2019-01-29 16:51:43.630  INFO [-,,,] 5752 --- [main] .RepositoryConfigurationExtensionSupport : Spring Data Redis - Could not safely identify store assignment for repository candidate interface com.hoperun.shuma.module.jpa.MinGroupActivityPrizeJpa.
2019-01-29 16:51:43.631  INFO [-,,,] 5752 --- [main] .RepositoryConfigurationExtensionSupport : Spring Data Redis - Could not safely identify store assignment for repository candidate interface com.hoperun.shuma.module.jpa.MinGroupActivityRecordJpa.
2019-01-29 16:51:43.632  INFO [-,,,] 5752 --- [main] .RepositoryConfigurationExtensionSupport : Spring Data Redis - Could not safely identify store assignment for repository candidate interface com.hoperun.shuma.module.jpa.MinOrderJpa.
2019-01-29 16:51:43.688  INFO [-,,,] 5752 --- [main] o.s.i.config.IntegrationRegistrar        : No bean named 'integrationHeaderChannelRegistry' has been explicitly defined. Therefore, a default DefaultHeaderChannelRegistry will be created.
2019-01-29 16:51:43.779  INFO [-,,,] 5752 --- [main] a.ConfigurationClassBeanDefinitionReader : Skipping bean definition for [BeanMethod:name=configurableCompositeMessageConverter,declaringClass=org.springframework.cloud.stream.config.ContentTypeConfiguration]: a definition for bean 'integrationArgumentResolverMessageConverter' already exists. This top-level bean definition is considered as an override.
2019-01-29 16:51:44.691  INFO [-,,,] 5752 --- [main] o.s.cloud.context.scope.GenericScope     : BeanFactory id=db22be60-b629-359a-aff9-218936e98670
2019-01-29 16:51:44.751  INFO [-,,,] 5752 --- [main] faultConfiguringBeanFactoryPostProcessor : No bean named 'errorChannel' has been explicitly defined. Therefore, a default PublishSubscribeChannel will be created.
2019-01-29 16:51:44.753  INFO [-,,,] 5752 --- [main] faultConfiguringBeanFactoryPostProcessor : No bean named 'taskScheduler' has been explicitly defined. Therefore, a default ThreadPoolTaskScheduler will be created.
2019-01-29 16:51:44.772  INFO [-,,,] 5752 --- [main] f.a.AutowiredAnnotationBeanPostProcessor : JSR-330 'javax.inject.Inject' annotation found and supported for autowiring
2019-01-29 16:51:44.947  INFO [-,,,] 5752 --- [main] trationDelegate$BeanPostProcessorChecker : Bean 'org.springframework.amqp.rabbit.annotation.RabbitBootstrapConfiguration' of type [org.springframework.amqp.rabbit.annotation.RabbitBootstrapConfiguration$$EnhancerBySpringCGLIB$$d0741de5] is not eligible for getting processed by all BeanPostProcessors (for example: not eligible for auto-proxying)
2019-01-29 16:51:45.575  INFO [-,,,] 5752 --- [main] trationDelegate$BeanPostProcessorChecker : Bean 'org.springframework.transaction.annotation.ProxyTransactionManagementConfiguration' of type [org.springframework.transaction.annotation.ProxyTransactionManagementConfiguration$$EnhancerBySpringCGLIB$$a085fb7] is not eligible for getting processed by all BeanPostProcessors (for example: not eligible for auto-proxying)
2019-01-29 16:51:45.722  INFO [-,,,] 5752 --- [main] trationDelegate$BeanPostProcessorChecker : Bean 'org.springframework.integration.config.IntegrationManagementConfiguration' of type [org.springframework.integration.config.IntegrationManagementConfiguration$$EnhancerBySpringCGLIB$$74fa1ae6] is not eligible for getting processed by all BeanPostProcessors (for example: not eligible for auto-proxying)
2019-01-29 16:51:45.825  INFO [-,,,] 5752 --- [main] trationDelegate$BeanPostProcessorChecker : Bean 'org.springframework.cloud.autoconfigure.ConfigurationPropertiesRebinderAutoConfiguration' of type [org.springframework.cloud.autoconfigure.ConfigurationPropertiesRebinderAutoConfiguration$$EnhancerBySpringCGLIB$$262262b4] is not eligible for getting processed by all BeanPostProcessors (for example: not eligible for auto-proxying)
2019-01-29 16:51:46.964  INFO [-,,,] 5752 --- [main] o.s.b.w.embedded.tomcat.TomcatWebServer  : Tomcat initialized with port(s): 8084 (http)
2019-01-29 16:51:46.998  INFO [-,,,] 5752 --- [main] o.apache.catalina.core.StandardService   : Starting service [Tomcat]
2019-01-29 16:51:46.999  INFO [-,,,] 5752 --- [main] org.apache.catalina.core.StandardEngine  : Starting Servlet Engine: Apache Tomcat/8.5.32
2019-01-29 16:51:47.005  INFO [-,,,] 5752 --- [localhost-startStop-1] o.a.catalina.core.AprLifecycleListener   : The APR based Apache Tomcat Native library which allows optimal performance in production environments was not found on the java.library.path: [C:\Program Files\Java\jdk1.8.0_91\bin;C:\Windows\Sun\Java\bin;C:\Windows\system32;C:\Windows;C:\Program Files\Docker\Docker\Resources\bin;C:\Windows\system32;C:\Windows;C:\Windows\System32\Wbem;C:\Windows\System32\WindowsPowerShell\v1.0\;C:\Program Files\Java\jdk-11\bin;C:\Program Files\TortoiseSVN\bin;E:\tools\apache-maven-3.3.9\bin;C:\ProgramData\Oracle\Java\javapath;C:\Program Files\MySQL\bin;C:\Program Files (x86)\GNU\GnuPG\pub;C:\Go\bin;E:\Git\Git\cmd;C:\Program Files\erl9.2\bin;E:\tools\rabbitmq_server-3.7.5\sbin;C:\Program Files\PuTTY\;C:\Program Files\nodejs\;C:\Windows\system32\config\systemprofile\.dnx\bin;C:\Program Files\Microsoft DNX\Dnvm\;C:\Program Files (x86)\Windows Kits\8.1\Windows Performance Toolkit\;C:\Program Files\Microsoft SQL Server\130\Tools\Binn\;C:\Program Files (x86)\Microsoft Visual Studio 15\VC\bin\x86_amd64;C:\Users\xue_chuan\AppData\Local\Programs\Python\Python37\Scripts\;C:\Users\xue_chuan\AppData\Local\Programs\Python\Python37\;C:\Users\xue_chuan\AppData\Local\Microsoft\WindowsApps;C:\Users\xue_chuan\AppData\Roaming\npm;.]
2019-01-29 16:51:47.373  INFO [-,,,] 5752 --- [localhost-startStop-1] o.a.c.c.C.[Tomcat].[localhost].[/]       : Initializing Spring embedded WebApplicationContext
2019-01-29 16:51:47.373  INFO [-,,,] 5752 --- [localhost-startStop-1] o.s.web.context.ContextLoader            : Root WebApplicationContext: initialization completed in 6175 ms
2019-01-29 16:51:47.994  WARN [-,,,] 5752 --- [localhost-startStop-1] c.n.c.sources.URLConfigurationSource     : No URLs will be polled as dynamic configuration sources.
2019-01-29 16:51:47.995  INFO [-,,,] 5752 --- [localhost-startStop-1] c.n.c.sources.URLConfigurationSource     : To enable URLs as dynamic configuration sources, define System property archaius.configurationSource.additionalUrls or make config.properties available on classpath.
2019-01-29 16:51:48.007  INFO [-,,,] 5752 --- [localhost-startStop-1] c.netflix.config.DynamicPropertyFactory  : DynamicPropertyFactory is initialized with configuration sources: com.netflix.config.ConcurrentCompositeConfiguration@540570cb
2019-01-29 16:51:51.870  INFO [-,,,] 5752 --- [localhost-startStop-1] o.s.cloud.commons.util.InetUtils         : Cannot determine local hostname
2019-01-29 16:51:53.191  INFO [-,,,] 5752 --- [localhost-startStop-1] o.s.cloud.commons.util.InetUtils         : Cannot determine local hostname
2019-01-29 16:51:55.141  INFO [-,,,] 5752 --- [localhost-startStop-1] o.s.s.c.ThreadPoolTaskScheduler          : Initializing ExecutorService  'taskScheduler'
2019-01-29 16:51:56.752  INFO [-,,,] 5752 --- [localhost-startStop-1] o.s.b.w.servlet.FilterRegistrationBean   : Mapping filter: 'characterEncodingFilter' to: [/*]
2019-01-29 16:51:56.752  INFO [-,,,] 5752 --- [localhost-startStop-1] o.s.b.w.servlet.FilterRegistrationBean   : Mapping filter: 'webMvcMetricsFilter' to: [/*]
2019-01-29 16:51:56.752  INFO [-,,,] 5752 --- [localhost-startStop-1] o.s.b.w.servlet.FilterRegistrationBean   : Mapping filter: 'tracingFilter' to: [/*]
2019-01-29 16:51:56.753  INFO [-,,,] 5752 --- [localhost-startStop-1] o.s.b.w.servlet.FilterRegistrationBean   : Mapping filter: 'exceptionLoggingFilter' to: [/*]
2019-01-29 16:51:56.753  INFO [-,,,] 5752 --- [localhost-startStop-1] o.s.b.w.servlet.FilterRegistrationBean   : Mapping filter: 'hiddenHttpMethodFilter' to: [/*]
2019-01-29 16:51:56.753  INFO [-,,,] 5752 --- [localhost-startStop-1] o.s.b.w.servlet.FilterRegistrationBean   : Mapping filter: 'httpPutFormContentFilter' to: [/*]
2019-01-29 16:51:56.753  INFO [-,,,] 5752 --- [localhost-startStop-1] o.s.b.w.servlet.FilterRegistrationBean   : Mapping filter: 'requestContextFilter' to: [/*]
2019-01-29 16:51:56.753  INFO [-,,,] 5752 --- [localhost-startStop-1] o.s.b.w.servlet.FilterRegistrationBean   : Mapping filter: 'httpTraceFilter' to: [/*]
2019-01-29 16:51:56.753  INFO [-,,,] 5752 --- [localhost-startStop-1] o.s.b.w.servlet.FilterRegistrationBean   : Mapping filter: 'webStatFilter' to urls: [/*]
2019-01-29 16:51:56.754  INFO [-,,,] 5752 --- [localhost-startStop-1] o.s.b.w.servlet.FilterRegistrationBean   : Mapping filter: 'corsFilter' to: [/*]
2019-01-29 16:51:56.754  INFO [-,,,] 5752 --- [localhost-startStop-1] o.s.b.w.servlet.ServletRegistrationBean  : Servlet statViewServlet mapped to [/druid/*]
2019-01-29 16:51:56.755  INFO [-,,,] 5752 --- [localhost-startStop-1] o.s.b.w.servlet.ServletRegistrationBean  : Servlet dispatcherServlet mapped to [/]
2019-01-29 16:51:56.756  INFO [-,,,] 5752 --- [localhost-startStop-1] o.s.b.a.e.web.ServletEndpointRegistrar   : Registered '/actuator/jolokia' to jolokia-actuator-endpoint
2019-01-29 16:51:57.211  INFO [-,,,] 5752 --- [main] j.LocalContainerEntityManagerFactoryBean : Building JPA container EntityManagerFactory for persistence unit 'default'
2019-01-29 16:51:57.247  INFO [-,,,] 5752 --- [main] o.hibernate.jpa.internal.util.LogHelper  : HHH000204: Processing PersistenceUnitInfo [
	name: default
	...]
2019-01-29 16:51:57.412  INFO [-,,,] 5752 --- [main] org.hibernate.Version                    : HHH000412: Hibernate Core {5.2.17.Final}
2019-01-29 16:51:57.416  INFO [-,,,] 5752 --- [main] org.hibernate.cfg.Environment            : HHH000206: hibernate.properties not found
2019-01-29 16:51:57.557  INFO [-,,,] 5752 --- [main] o.hibernate.annotations.common.Version   : HCANN000001: Hibernate Commons Annotations {5.0.1.Final}
2019-01-29 16:51:58.252  INFO [-,,,] 5752 --- [main] com.alibaba.druid.pool.DruidDataSource   : {dataSource-1} inited
2019-01-29 16:51:58.356  INFO [-,,,] 5752 --- [main] org.hibernate.dialect.Dialect            : HHH000400: Using dialect: org.hibernate.dialect.MySQL5Dialect
2019-01-29 16:51:59.667  INFO [-,,,] 5752 --- [main] j.LocalContainerEntityManagerFactoryBean : Initialized JPA EntityManagerFactory for persistence unit 'default'
2019-01-29 16:51:59.722  INFO [-,,,] 5752 --- [main] o.s.aop.framework.CglibAopProxy          : Final method [protected final void org.springframework.boot.web.servlet.support.SpringBootServletInitializer.setRegisterErrorPageFilter(boolean)] cannot get proxied via CGLIB: Calls to this method will NOT be routed to the target instance and might lead to NPEs against uninitialized fields in the proxy instance.
2019-01-29 16:52:01.779  WARN [-,,,] 5752 --- [main] c.n.c.sources.URLConfigurationSource     : No URLs will be polled as dynamic configuration sources.
2019-01-29 16:52:01.779  INFO [-,,,] 5752 --- [main] c.n.c.sources.URLConfigurationSource     : To enable URLs as dynamic configuration sources, define System property archaius.configurationSource.additionalUrls or make config.properties available on classpath.
2019-01-29 16:52:02.204  INFO [-,,,] 5752 --- [main] o.s.w.s.handler.SimpleUrlHandlerMapping  : Mapped URL path [/**/favicon.ico] onto handler of type [class org.springframework.web.servlet.resource.ResourceHttpRequestHandler]
2019-01-29 16:52:02.931  INFO [-,,,] 5752 --- [main] s.w.s.m.m.a.RequestMappingHandlerAdapter : Looking for @ControllerAdvice: org.springframework.boot.web.servlet.context.AnnotationConfigServletWebServerApplicationContext@23940f86: startup date [Tue Jan 29 16:51:41 CST 2019]; parent: org.springframework.context.annotation.AnnotationConfigApplicationContext@17f62e33
2019-01-29 16:52:03.034  WARN [-,,,] 5752 --- [main] aWebConfiguration$JpaWebMvcConfiguration : spring.jpa.open-in-view is enabled by default. Therefore, database queries may be performed during view rendering. Explicitly configure spring.jpa.open-in-view to disable this warning
2019-01-29 16:52:03.129  INFO [-,,,] 5752 --- [main] s.w.s.m.m.a.RequestMappingHandlerMapping : Mapped "{[/min/activity/info],methods=[POST]}" onto public com.hoperun.shuma.common.base.ApiMessage com.hoperun.shuma.api.controller.ActivityController.getInfo(com.hoperun.shuma.api.request.ActivityRequest)
2019-01-29 16:52:03.130  INFO [-,,,] 5752 --- [main] s.w.s.m.m.a.RequestMappingHandlerMapping : Mapped "{[/min/activity/join],methods=[POST]}" onto public com.hoperun.shuma.common.base.ApiMessage com.hoperun.shuma.api.controller.ActivityController.addRecord(com.hoperun.shuma.api.request.ActiveDateRequest)
2019-01-29 16:52:03.131  INFO [-,,,] 5752 --- [main] s.w.s.m.m.a.RequestMappingHandlerMapping : Mapped "{[/min/activity/page],methods=[POST]}" onto public com.hoperun.shuma.common.base.ApiMessage com.hoperun.shuma.api.controller.ActivityController.getPage()
2019-01-29 16:52:03.131  INFO [-,,,] 5752 --- [main] s.w.s.m.m.a.RequestMappingHandlerMapping : Mapped "{[/min/activity/receive],methods=[POST]}" onto public com.hoperun.shuma.common.base.ApiMessage com.hoperun.shuma.api.controller.ActivityController.receiveActivityPrize(com.hoperun.shuma.api.request.ActiveDateRequest)
2019-01-29 16:52:03.133  INFO [-,,,] 5752 --- [main] s.w.s.m.m.a.RequestMappingHandlerMapping : Mapped "{[/min/login/info],methods=[POST]}" onto public com.hoperun.shuma.common.base.ApiMessage com.hoperun.shuma.api.controller.LoginController.getUserInfo(com.hoperun.shuma.api.request.MemberInfo) throws java.lang.Exception
2019-01-29 16:52:03.133  INFO [-,,,] 5752 --- [main] s.w.s.m.m.a.RequestMappingHandlerMapping : Mapped "{[/min/login/add],methods=[POST]}" onto public com.hoperun.shuma.common.base.ApiMessage com.hoperun.shuma.api.controller.LoginController.addUserInfo(com.hoperun.shuma.api.request.MemberInfo) throws java.lang.Exception
2019-01-29 16:52:03.137  INFO [-,,,] 5752 --- [main] s.w.s.m.m.a.RequestMappingHandlerMapping : Mapped "{[/error]}" onto public org.springframework.http.ResponseEntity<java.util.Map<java.lang.String, java.lang.Object>> org.springframework.boot.autoconfigure.web.servlet.error.BasicErrorController.error(javax.servlet.http.HttpServletRequest)
2019-01-29 16:52:03.138  INFO [-,,,] 5752 --- [main] s.w.s.m.m.a.RequestMappingHandlerMapping : Mapped "{[/error],produces=[text/html]}" onto public org.springframework.web.servlet.ModelAndView org.springframework.boot.autoconfigure.web.servlet.error.BasicErrorController.errorHtml(javax.servlet.http.HttpServletRequest,javax.servlet.http.HttpServletResponse)
2019-01-29 16:52:03.312  INFO [-,,,] 5752 --- [main] o.s.w.s.handler.SimpleUrlHandlerMapping  : Mapped URL path [/webjars/**] onto handler of type [class org.springframework.web.servlet.resource.ResourceHttpRequestHandler]
2019-01-29 16:52:03.312  INFO [-,,,] 5752 --- [main] o.s.w.s.handler.SimpleUrlHandlerMapping  : Mapped URL path [/**] onto handler of type [class org.springframework.web.servlet.resource.ResourceHttpRequestHandler]
2019-01-29 16:52:03.373  INFO [-,,,] 5752 --- [main] .m.m.a.ExceptionHandlerExceptionResolver : Detected @ExceptionHandler methods in exceptionHandle
2019-01-29 16:52:04.105  INFO [-,,,] 5752 --- [main] o.s.s.c.ThreadPoolTaskScheduler          : Initializing ExecutorService 
2019-01-29 16:52:08.132  INFO [-,,,] 5752 --- [main] com.netflix.discovery.DiscoveryClient    : Shutting down DiscoveryClient ...
2019-01-29 16:52:08.147  INFO [-,,,] 5752 --- [main] com.netflix.discovery.DiscoveryClient    : Completed shut down of DiscoveryClient
2019-01-29 16:52:08.464  INFO [-,,,] 5752 --- [main] o.s.b.a.e.web.EndpointLinksResolver      : Exposing 24 endpoint(s) beneath base path '/actuator'
2019-01-29 16:52:08.489  INFO [-,,,] 5752 --- [main] s.b.a.e.w.s.WebMvcEndpointHandlerMapping : Mapped "{[/actuator/archaius],methods=[GET],produces=[application/vnd.spring-boot.actuator.v2+json || application/json]}" onto public java.lang.Object org.springframework.boot.actuate.endpoint.web.servlet.AbstractWebMvcEndpointHandlerMapping$OperationHandler.handle(javax.servlet.http.HttpServletRequest,java.util.Map<java.lang.String, java.lang.String>)
2019-01-29 16:52:08.490  INFO [-,,,] 5752 --- [main] s.b.a.e.w.s.WebMvcEndpointHandlerMapping : Mapped "{[/actuator/auditevents],methods=[GET],produces=[application/vnd.spring-boot.actuator.v2+json || application/json]}" onto public java.lang.Object org.springframework.boot.actuate.endpoint.web.servlet.AbstractWebMvcEndpointHandlerMapping$OperationHandler.handle(javax.servlet.http.HttpServletRequest,java.util.Map<java.lang.String, java.lang.String>)
2019-01-29 16:52:08.490  INFO [-,,,] 5752 --- [main] s.b.a.e.w.s.WebMvcEndpointHandlerMapping : Mapped "{[/actuator/beans],methods=[GET],produces=[application/vnd.spring-boot.actuator.v2+json || application/json]}" onto public java.lang.Object org.springframework.boot.actuate.endpoint.web.servlet.AbstractWebMvcEndpointHandlerMapping$OperationHandler.handle(javax.servlet.http.HttpServletRequest,java.util.Map<java.lang.String, java.lang.String>)
2019-01-29 16:52:08.490  INFO [-,,,] 5752 --- [main] s.b.a.e.w.s.WebMvcEndpointHandlerMapping : Mapped "{[/actuator/health],methods=[GET],produces=[application/vnd.spring-boot.actuator.v2+json || application/json]}" onto public java.lang.Object org.springframework.boot.actuate.endpoint.web.servlet.AbstractWebMvcEndpointHandlerMapping$OperationHandler.handle(javax.servlet.http.HttpServletRequest,java.util.Map<java.lang.String, java.lang.String>)
2019-01-29 16:52:08.491  INFO [-,,,] 5752 --- [main] s.b.a.e.w.s.WebMvcEndpointHandlerMapping : Mapped "{[/actuator/conditions],methods=[GET],produces=[application/vnd.spring-boot.actuator.v2+json || application/json]}" onto public java.lang.Object org.springframework.boot.actuate.endpoint.web.servlet.AbstractWebMvcEndpointHandlerMapping$OperationHandler.handle(javax.servlet.http.HttpServletRequest,java.util.Map<java.lang.String, java.lang.String>)
2019-01-29 16:52:08.491  INFO [-,,,] 5752 --- [main] s.b.a.e.w.s.WebMvcEndpointHandlerMapping : Mapped "{[/actuator/configprops],methods=[GET],produces=[application/vnd.spring-boot.actuator.v2+json || application/json]}" onto public java.lang.Object org.springframework.boot.actuate.endpoint.web.servlet.AbstractWebMvcEndpointHandlerMapping$OperationHandler.handle(javax.servlet.http.HttpServletRequest,java.util.Map<java.lang.String, java.lang.String>)
2019-01-29 16:52:08.491  INFO [-,,,] 5752 --- [main] s.b.a.e.w.s.WebMvcEndpointHandlerMapping : Mapped "{[/actuator/env],methods=[GET],produces=[application/vnd.spring-boot.actuator.v2+json || application/json]}" onto public java.lang.Object org.springframework.boot.actuate.endpoint.web.servlet.AbstractWebMvcEndpointHandlerMapping$OperationHandler.handle(javax.servlet.http.HttpServletRequest,java.util.Map<java.lang.String, java.lang.String>)
2019-01-29 16:52:08.492  INFO [-,,,] 5752 --- [main] s.b.a.e.w.s.WebMvcEndpointHandlerMapping : Mapped "{[/actuator/env/{toMatch}],methods=[GET],produces=[application/vnd.spring-boot.actuator.v2+json || application/json]}" onto public java.lang.Object org.springframework.boot.actuate.endpoint.web.servlet.AbstractWebMvcEndpointHandlerMapping$OperationHandler.handle(javax.servlet.http.HttpServletRequest,java.util.Map<java.lang.String, java.lang.String>)
2019-01-29 16:52:08.494  INFO [-,,,] 5752 --- [main] s.b.a.e.w.s.WebMvcEndpointHandlerMapping : Mapped "{[/actuator/env],methods=[POST],consumes=[application/vnd.spring-boot.actuator.v2+json || application/json],produces=[application/vnd.spring-boot.actuator.v2+json || application/json]}" onto public java.lang.Object org.springframework.boot.actuate.endpoint.web.servlet.AbstractWebMvcEndpointHandlerMapping$OperationHandler.handle(javax.servlet.http.HttpServletRequest,java.util.Map<java.lang.String, java.lang.String>)
2019-01-29 16:52:08.494  INFO [-,,,] 5752 --- [main] s.b.a.e.w.s.WebMvcEndpointHandlerMapping : Mapped "{[/actuator/env],methods=[DELETE],produces=[application/vnd.spring-boot.actuator.v2+json || application/json]}" onto public java.lang.Object org.springframework.boot.actuate.endpoint.web.servlet.AbstractWebMvcEndpointHandlerMapping$OperationHandler.handle(javax.servlet.http.HttpServletRequest,java.util.Map<java.lang.String, java.lang.String>)
2019-01-29 16:52:08.494  INFO [-,,,] 5752 --- [main] s.b.a.e.w.s.WebMvcEndpointHandlerMapping : Mapped "{[/actuator/info],methods=[GET],produces=[application/vnd.spring-boot.actuator.v2+json || application/json]}" onto public java.lang.Object org.springframework.boot.actuate.endpoint.web.servlet.AbstractWebMvcEndpointHandlerMapping$OperationHandler.handle(javax.servlet.http.HttpServletRequest,java.util.Map<java.lang.String, java.lang.String>)
2019-01-29 16:52:08.494  INFO [-,,,] 5752 --- [main] s.b.a.e.w.s.WebMvcEndpointHandlerMapping : Mapped "{[/actuator/logfile],methods=[GET],produces=[application/octet-stream]}" onto public java.lang.Object org.springframework.boot.actuate.endpoint.web.servlet.AbstractWebMvcEndpointHandlerMapping$OperationHandler.handle(javax.servlet.http.HttpServletRequest,java.util.Map<java.lang.String, java.lang.String>)
2019-01-29 16:52:08.495  INFO [-,,,] 5752 --- [main] s.b.a.e.w.s.WebMvcEndpointHandlerMapping : Mapped "{[/actuator/loggers],methods=[GET],produces=[application/vnd.spring-boot.actuator.v2+json || application/json]}" onto public java.lang.Object org.springframework.boot.actuate.endpoint.web.servlet.AbstractWebMvcEndpointHandlerMapping$OperationHandler.handle(javax.servlet.http.HttpServletRequest,java.util.Map<java.lang.String, java.lang.String>)
2019-01-29 16:52:08.495  INFO [-,,,] 5752 --- [main] s.b.a.e.w.s.WebMvcEndpointHandlerMapping : Mapped "{[/actuator/loggers/{name}],methods=[POST],consumes=[application/vnd.spring-boot.actuator.v2+json || application/json]}" onto public java.lang.Object org.springframework.boot.actuate.endpoint.web.servlet.AbstractWebMvcEndpointHandlerMapping$OperationHandler.handle(javax.servlet.http.HttpServletRequest,java.util.Map<java.lang.String, java.lang.String>)
2019-01-29 16:52:08.496  INFO [-,,,] 5752 --- [main] s.b.a.e.w.s.WebMvcEndpointHandlerMapping : Mapped "{[/actuator/loggers/{name}],methods=[GET],produces=[application/vnd.spring-boot.actuator.v2+json || application/json]}" onto public java.lang.Object org.springframework.boot.actuate.endpoint.web.servlet.AbstractWebMvcEndpointHandlerMapping$OperationHandler.handle(javax.servlet.http.HttpServletRequest,java.util.Map<java.lang.String, java.lang.String>)
2019-01-29 16:52:08.496  INFO [-,,,] 5752 --- [main] s.b.a.e.w.s.WebMvcEndpointHandlerMapping : Mapped "{[/actuator/heapdump],methods=[GET],produces=[application/octet-stream]}" onto public java.lang.Object org.springframework.boot.actuate.endpoint.web.servlet.AbstractWebMvcEndpointHandlerMapping$OperationHandler.handle(javax.servlet.http.HttpServletRequest,java.util.Map<java.lang.String, java.lang.String>)
2019-01-29 16:52:08.496  INFO [-,,,] 5752 --- [main] s.b.a.e.w.s.WebMvcEndpointHandlerMapping : Mapped "{[/actuator/threaddump],methods=[GET],produces=[application/vnd.spring-boot.actuator.v2+json || application/json]}" onto public java.lang.Object org.springframework.boot.actuate.endpoint.web.servlet.AbstractWebMvcEndpointHandlerMapping$OperationHandler.handle(javax.servlet.http.HttpServletRequest,java.util.Map<java.lang.String, java.lang.String>)
2019-01-29 16:52:08.496  INFO [-,,,] 5752 --- [main] s.b.a.e.w.s.WebMvcEndpointHandlerMapping : Mapped "{[/actuator/metrics/{requiredMetricName}],methods=[GET],produces=[application/vnd.spring-boot.actuator.v2+json || application/json]}" onto public java.lang.Object org.springframework.boot.actuate.endpoint.web.servlet.AbstractWebMvcEndpointHandlerMapping$OperationHandler.handle(javax.servlet.http.HttpServletRequest,java.util.Map<java.lang.String, java.lang.String>)
2019-01-29 16:52:08.497  INFO [-,,,] 5752 --- [main] s.b.a.e.w.s.WebMvcEndpointHandlerMapping : Mapped "{[/actuator/metrics],methods=[GET],produces=[application/vnd.spring-boot.actuator.v2+json || application/json]}" onto public java.lang.Object org.springframework.boot.actuate.endpoint.web.servlet.AbstractWebMvcEndpointHandlerMapping$OperationHandler.handle(javax.servlet.http.HttpServletRequest,java.util.Map<java.lang.String, java.lang.String>)
2019-01-29 16:52:08.497  INFO [-,,,] 5752 --- [main] s.b.a.e.w.s.WebMvcEndpointHandlerMapping : Mapped "{[/actuator/scheduledtasks],methods=[GET],produces=[application/vnd.spring-boot.actuator.v2+json || application/json]}" onto public java.lang.Object org.springframework.boot.actuate.endpoint.web.servlet.AbstractWebMvcEndpointHandlerMapping$OperationHandler.handle(javax.servlet.http.HttpServletRequest,java.util.Map<java.lang.String, java.lang.String>)
2019-01-29 16:52:08.497  INFO [-,,,] 5752 --- [main] s.b.a.e.w.s.WebMvcEndpointHandlerMapping : Mapped "{[/actuator/httptrace],methods=[GET],produces=[application/vnd.spring-boot.actuator.v2+json || application/json]}" onto public java.lang.Object org.springframework.boot.actuate.endpoint.web.servlet.AbstractWebMvcEndpointHandlerMapping$OperationHandler.handle(javax.servlet.http.HttpServletRequest,java.util.Map<java.lang.String, java.lang.String>)
2019-01-29 16:52:08.498  INFO [-,,,] 5752 --- [main] s.b.a.e.w.s.WebMvcEndpointHandlerMapping : Mapped "{[/actuator/mappings],methods=[GET],produces=[application/vnd.spring-boot.actuator.v2+json || application/json]}" onto public java.lang.Object org.springframework.boot.actuate.endpoint.web.servlet.AbstractWebMvcEndpointHandlerMapping$OperationHandler.handle(javax.servlet.http.HttpServletRequest,java.util.Map<java.lang.String, java.lang.String>)
2019-01-29 16:52:08.498  INFO [-,,,] 5752 --- [main] s.b.a.e.w.s.WebMvcEndpointHandlerMapping : Mapped "{[/actuator/refresh],methods=[POST],produces=[application/vnd.spring-boot.actuator.v2+json || application/json]}" onto public java.lang.Object org.springframework.boot.actuate.endpoint.web.servlet.AbstractWebMvcEndpointHandlerMapping$OperationHandler.handle(javax.servlet.http.HttpServletRequest,java.util.Map<java.lang.String, java.lang.String>)
2019-01-29 16:52:08.498  INFO [-,,,] 5752 --- [main] s.b.a.e.w.s.WebMvcEndpointHandlerMapping : Mapped "{[/actuator/bus-env],methods=[POST],consumes=[application/vnd.spring-boot.actuator.v2+json || application/json]}" onto public java.lang.Object org.springframework.boot.actuate.endpoint.web.servlet.AbstractWebMvcEndpointHandlerMapping$OperationHandler.handle(javax.servlet.http.HttpServletRequest,java.util.Map<java.lang.String, java.lang.String>)
2019-01-29 16:52:08.498  INFO [-,,,] 5752 --- [main] s.b.a.e.w.s.WebMvcEndpointHandlerMapping : Mapped "{[/actuator/bus-env/{destination}],methods=[POST],consumes=[application/vnd.spring-boot.actuator.v2+json || application/json]}" onto public java.lang.Object org.springframework.boot.actuate.endpoint.web.servlet.AbstractWebMvcEndpointHandlerMapping$OperationHandler.handle(javax.servlet.http.HttpServletRequest,java.util.Map<java.lang.String, java.lang.String>)
2019-01-29 16:52:08.499  INFO [-,,,] 5752 --- [main] s.b.a.e.w.s.WebMvcEndpointHandlerMapping : Mapped "{[/actuator/bus-refresh],methods=[POST]}" onto public java.lang.Object org.springframework.boot.actuate.endpoint.web.servlet.AbstractWebMvcEndpointHandlerMapping$OperationHandler.handle(javax.servlet.http.HttpServletRequest,java.util.Map<java.lang.String, java.lang.String>)
2019-01-29 16:52:08.499  INFO [-,,,] 5752 --- [main] s.b.a.e.w.s.WebMvcEndpointHandlerMapping : Mapped "{[/actuator/bus-refresh/{destination}],methods=[POST]}" onto public java.lang.Object org.springframework.boot.actuate.endpoint.web.servlet.AbstractWebMvcEndpointHandlerMapping$OperationHandler.handle(javax.servlet.http.HttpServletRequest,java.util.Map<java.lang.String, java.lang.String>)
2019-01-29 16:52:08.499  INFO [-,,,] 5752 --- [main] s.b.a.e.w.s.WebMvcEndpointHandlerMapping : Mapped "{[/actuator/features],methods=[GET],produces=[application/vnd.spring-boot.actuator.v2+json || application/json]}" onto public java.lang.Object org.springframework.boot.actuate.endpoint.web.servlet.AbstractWebMvcEndpointHandlerMapping$OperationHandler.handle(javax.servlet.http.HttpServletRequest,java.util.Map<java.lang.String, java.lang.String>)
2019-01-29 16:52:08.500  INFO [-,,,] 5752 --- [main] s.b.a.e.w.s.WebMvcEndpointHandlerMapping : Mapped "{[/actuator/service-registry],methods=[GET],produces=[application/vnd.spring-boot.actuator.v2+json || application/json]}" onto public java.lang.Object org.springframework.boot.actuate.endpoint.web.servlet.AbstractWebMvcEndpointHandlerMapping$OperationHandler.handle(javax.servlet.http.HttpServletRequest,java.util.Map<java.lang.String, java.lang.String>)
2019-01-29 16:52:08.500  INFO [-,,,] 5752 --- [main] s.b.a.e.w.s.WebMvcEndpointHandlerMapping : Mapped "{[/actuator/service-registry],methods=[POST],consumes=[application/vnd.spring-boot.actuator.v2+json || application/json],produces=[application/vnd.spring-boot.actuator.v2+json || application/json]}" onto public java.lang.Object org.springframework.boot.actuate.endpoint.web.servlet.AbstractWebMvcEndpointHandlerMapping$OperationHandler.handle(javax.servlet.http.HttpServletRequest,java.util.Map<java.lang.String, java.lang.String>)
2019-01-29 16:52:08.500  INFO [-,,,] 5752 --- [main] s.b.a.e.w.s.WebMvcEndpointHandlerMapping : Mapped "{[/actuator/bindings],methods=[GET],produces=[application/vnd.spring-boot.actuator.v2+json || application/json]}" onto public java.lang.Object org.springframework.boot.actuate.endpoint.web.servlet.AbstractWebMvcEndpointHandlerMapping$OperationHandler.handle(javax.servlet.http.HttpServletRequest,java.util.Map<java.lang.String, java.lang.String>)
2019-01-29 16:52:08.500  INFO [-,,,] 5752 --- [main] s.b.a.e.w.s.WebMvcEndpointHandlerMapping : Mapped "{[/actuator/bindings/{name}],methods=[GET],produces=[application/vnd.spring-boot.actuator.v2+json || application/json]}" onto public java.lang.Object org.springframework.boot.actuate.endpoint.web.servlet.AbstractWebMvcEndpointHandlerMapping$OperationHandler.handle(javax.servlet.http.HttpServletRequest,java.util.Map<java.lang.String, java.lang.String>)
2019-01-29 16:52:08.501  INFO [-,,,] 5752 --- [main] s.b.a.e.w.s.WebMvcEndpointHandlerMapping : Mapped "{[/actuator/bindings/{name}],methods=[POST],consumes=[application/vnd.spring-boot.actuator.v2+json || application/json]}" onto public java.lang.Object org.springframework.boot.actuate.endpoint.web.servlet.AbstractWebMvcEndpointHandlerMapping$OperationHandler.handle(javax.servlet.http.HttpServletRequest,java.util.Map<java.lang.String, java.lang.String>)
2019-01-29 16:52:08.501  INFO [-,,,] 5752 --- [main] s.b.a.e.w.s.WebMvcEndpointHandlerMapping : Mapped "{[/actuator/channels],methods=[GET],produces=[application/vnd.spring-boot.actuator.v2+json || application/json]}" onto public java.lang.Object org.springframework.boot.actuate.endpoint.web.servlet.AbstractWebMvcEndpointHandlerMapping$OperationHandler.handle(javax.servlet.http.HttpServletRequest,java.util.Map<java.lang.String, java.lang.String>)
2019-01-29 16:52:08.502  INFO [-,,,] 5752 --- [main] s.b.a.e.w.s.WebMvcEndpointHandlerMapping : Mapped "{[/actuator],methods=[GET],produces=[application/vnd.spring-boot.actuator.v2+json || application/json]}" onto protected java.util.Map<java.lang.String, java.util.Map<java.lang.String, org.springframework.boot.actuate.endpoint.web.Link>> org.springframework.boot.actuate.endpoint.web.servlet.WebMvcEndpointHandlerMapping.links(javax.servlet.http.HttpServletRequest,javax.servlet.http.HttpServletResponse)
2019-01-29 16:52:08.957  INFO [-,,,] 5752 --- [main] o.s.j.e.a.AnnotationMBeanExporter        : Registering beans for JMX exposure on startup
2019-01-29 16:52:08.959  INFO [-,,,] 5752 --- [main] o.s.j.e.a.AnnotationMBeanExporter        : Bean with name 'druid' has been autodetected for JMX exposure
2019-01-29 16:52:08.975  INFO [-,,,] 5752 --- [main] o.s.j.e.a.AnnotationMBeanExporter        : Bean with name 'rabbitConnectionFactory' has been autodetected for JMX exposure
2019-01-29 16:52:08.978  INFO [-,,,] 5752 --- [main] o.s.j.e.a.AnnotationMBeanExporter        : Bean with name 'environmentManager' has been autodetected for JMX exposure
2019-01-29 16:52:08.980  INFO [-,,,] 5752 --- [main] o.s.j.e.a.AnnotationMBeanExporter        : Bean with name 'refreshScope' has been autodetected for JMX exposure
2019-01-29 16:52:08.982  INFO [-,,,] 5752 --- [main] o.s.j.e.a.AnnotationMBeanExporter        : Bean with name 'integrationMbeanExporter' has been autodetected for JMX exposure
2019-01-29 16:52:08.984  INFO [-,,,] 5752 --- [main] o.s.j.e.a.AnnotationMBeanExporter        : Bean with name 'configurationPropertiesRebinder' has been autodetected for JMX exposure
2019-01-29 16:52:08.992  INFO [-,,,] 5752 --- [main] o.s.j.e.a.AnnotationMBeanExporter        : Located managed bean 'environmentManager': registering with JMX server as MBean [org.springframework.cloud.context.environment:name=environmentManager,type=EnvironmentManager]
2019-01-29 16:52:09.006  INFO [-,,,] 5752 --- [main] o.s.j.e.a.AnnotationMBeanExporter        : Located MBean 'druid': registering with JMX server as MBean [com.alibaba.druid.pool:name=druid,type=DruidDataSource]
2019-01-29 16:52:09.010  INFO [-,,,] 5752 --- [main] o.s.j.e.a.AnnotationMBeanExporter        : Located managed bean 'refreshScope': registering with JMX server as MBean [org.springframework.cloud.context.scope.refresh:name=refreshScope,type=RefreshScope]
2019-01-29 16:52:09.032  INFO [-,,,] 5752 --- [main] o.s.j.e.a.AnnotationMBeanExporter        : Located managed bean 'integrationMbeanExporter': registering with JMX server as MBean [org.springframework.integration.monitor:name=integrationMbeanExporter,type=IntegrationMBeanExporter]
2019-01-29 16:52:09.075  INFO [-,,,] 5752 --- [main] o.s.j.e.a.AnnotationMBeanExporter        : Located managed bean 'configurationPropertiesRebinder': registering with JMX server as MBean [org.springframework.cloud.context.properties:name=configurationPropertiesRebinder,context=23940f86,type=ConfigurationPropertiesRebinder]
2019-01-29 16:52:09.086  INFO [-,,,] 5752 --- [main] o.s.j.e.a.AnnotationMBeanExporter        : Located managed bean 'rabbitConnectionFactory': registering with JMX server as MBean [org.springframework.amqp.rabbit.connection:name=rabbitConnectionFactory,type=CachingConnectionFactory]
2019-01-29 16:52:09.200  INFO [-,,,] 5752 --- [main] o.s.i.monitor.IntegrationMBeanExporter   : Registering beans for JMX exposure on startup
2019-01-29 16:52:09.200  INFO [-,,,] 5752 --- [main] o.s.i.monitor.IntegrationMBeanExporter   : Registering MessageChannel springCloudBusInput
2019-01-29 16:52:09.206  INFO [-,,,] 5752 --- [main] o.s.i.monitor.IntegrationMBeanExporter   : Located managed bean 'org.springframework.integration:type=MessageChannel,name=springCloudBusInput': registering with JMX server as MBean [org.springframework.integration:type=MessageChannel,name=springCloudBusInput]
2019-01-29 16:52:09.263  INFO [-,,,] 5752 --- [main] o.s.i.monitor.IntegrationMBeanExporter   : Registering MessageChannel nullChannel
2019-01-29 16:52:09.267  INFO [-,,,] 5752 --- [main] o.s.i.monitor.IntegrationMBeanExporter   : Located managed bean 'org.springframework.integration:type=MessageChannel,name=nullChannel': registering with JMX server as MBean [org.springframework.integration:type=MessageChannel,name=nullChannel]
2019-01-29 16:52:09.279  INFO [-,,,] 5752 --- [main] o.s.i.monitor.IntegrationMBeanExporter   : Registering MessageChannel springCloudBusOutput
2019-01-29 16:52:09.283  INFO [-,,,] 5752 --- [main] o.s.i.monitor.IntegrationMBeanExporter   : Located managed bean 'org.springframework.integration:type=MessageChannel,name=springCloudBusOutput': registering with JMX server as MBean [org.springframework.integration:type=MessageChannel,name=springCloudBusOutput]
2019-01-29 16:52:09.295  INFO [-,,,] 5752 --- [main] o.s.i.monitor.IntegrationMBeanExporter   : Registering MessageChannel errorChannel
2019-01-29 16:52:09.298  INFO [-,,,] 5752 --- [main] o.s.i.monitor.IntegrationMBeanExporter   : Located managed bean 'org.springframework.integration:type=MessageChannel,name=errorChannel': registering with JMX server as MBean [org.springframework.integration:type=MessageChannel,name=errorChannel]
2019-01-29 16:52:09.348  INFO [-,,,] 5752 --- [main] o.s.i.monitor.IntegrationMBeanExporter   : Registering MessageHandler errorLogger
2019-01-29 16:52:09.351  INFO [-,,,] 5752 --- [main] o.s.i.monitor.IntegrationMBeanExporter   : Located managed bean 'org.springframework.integration:type=MessageHandler,name=errorLogger,bean=internal': registering with JMX server as MBean [org.springframework.integration:type=MessageHandler,name=errorLogger,bean=internal]
2019-01-29 16:52:09.437  INFO [-,,,] 5752 --- [main] o.s.integration.channel.DirectChannel    : Channel 'application-1.springCloudBusInput' has 1 subscriber(s).
2019-01-29 16:52:09.447  INFO [-,,,] 5752 --- [main] o.s.c.support.DefaultLifecycleProcessor  : Starting beans in phase -2147482648
2019-01-29 16:52:10.736  INFO [-,,,] 5752 --- [main] c.c.c.ConfigServicePropertySourceLocator : Fetching config from server at : http://localhost:12000/
2019-01-29 16:52:15.677  INFO [-,,,] 5752 --- [main] c.c.c.ConfigServicePropertySourceLocator : Located environment: name=min, profiles=[dev], label=master, version=ff18d6939a4afa951ab23917ba1ad8fd561f7278, state=null
2019-01-29 16:52:15.677  INFO [-,,,] 5752 --- [main] b.c.PropertySourceBootstrapConfiguration : Located property source: CompositePropertySource {name='configService', propertySources=[MapPropertySource {name='configClient'}, MapPropertySource {name='https://github.com/IceNardus/spring-cloud-example/conf/min-dev.yml'}]}
2019-01-29 16:52:15.727  INFO [-,,,] 5752 --- [main] s.c.a.AnnotationConfigApplicationContext : Refreshing org.springframework.context.annotation.AnnotationConfigApplicationContext@631c6ef4: startup date [Tue Jan 29 16:52:15 CST 2019]; parent: org.springframework.boot.web.servlet.context.AnnotationConfigServletWebServerApplicationContext@23940f86
2019-01-29 16:52:15.791  INFO [-,,,] 5752 --- [main] f.a.AutowiredAnnotationBeanPostProcessor : JSR-330 'javax.inject.Inject' annotation found and supported for autowiring
2019-01-29 16:52:15.868  INFO [-,,,] 5752 --- [main] o.s.c.support.GenericApplicationContext  : Refreshing org.springframework.context.support.GenericApplicationContext@4a4352b4: startup date [Tue Jan 29 16:52:15 CST 2019]; root of context hierarchy
2019-01-29 16:52:16.061  INFO [-,,,] 5752 --- [main] o.s.a.r.c.CachingConnectionFactory       : Attempting to connect to: [10.20.0.66:5672]
2019-01-29 16:52:16.100  INFO [-,,,] 5752 --- [main] o.s.a.r.c.CachingConnectionFactory       : Created new connection: rabbitConnectionFactory#5a532b6f:0/SimpleConnection@3299ee2c [delegate=amqp://shuma@10.20.0.66:5672/, localPort= 65112]
2019-01-29 16:52:16.164  INFO [-,,,] 5752 --- [main] o.s.integration.channel.DirectChannel    : Channel 'application-1.springCloudBusOutput' has 1 subscriber(s).
2019-01-29 16:52:16.168  INFO [-,,,] 5752 --- [main] o.s.c.support.DefaultLifecycleProcessor  : Starting beans in phase 0
2019-01-29 16:52:16.176  WARN [-,,,] 5752 --- [registrationTask1] d.c.b.a.c.r.ApplicationRegistrator       : Failed to register application as Application(name=yonghe-min-frist, managementUrl=http://localhost:8081/actuator, healthUrl=http://localhost:8081/actuator/health, serviceUrl=http://localhost:8081/) at spring-boot-admin ([http://localhost:8081/instances]): 401 null. Further attempts are logged on DEBUG level
2019-01-29 16:52:16.195  INFO [-,,,] 5752 --- [main] o.s.c.n.eureka.InstanceInfoFactory       : Setting initial instance status as: STARTING
2019-01-29 16:52:16.206  INFO [-,,,] 5752 --- [main] com.netflix.discovery.DiscoveryClient    : Initializing Eureka in region us-east-1
2019-01-29 16:52:16.211  INFO [-,,,] 5752 --- [main] c.n.d.provider.DiscoveryJerseyProvider   : Using JSON encoding codec LegacyJacksonJson
2019-01-29 16:52:16.211  INFO [-,,,] 5752 --- [main] c.n.d.provider.DiscoveryJerseyProvider   : Using JSON decoding codec LegacyJacksonJson
2019-01-29 16:52:16.211  INFO [-,,,] 5752 --- [main] c.n.d.provider.DiscoveryJerseyProvider   : Using XML encoding codec XStreamXml
2019-01-29 16:52:16.211  INFO [-,,,] 5752 --- [main] c.n.d.provider.DiscoveryJerseyProvider   : Using XML decoding codec XStreamXml
2019-01-29 16:52:16.335  INFO [-,,,] 5752 --- [main] c.n.d.s.r.aws.ConfigClusterResolver      : Resolving eureka endpoints via configuration
2019-01-29 16:52:16.337  INFO [-,,,] 5752 --- [main] com.netflix.discovery.DiscoveryClient    : Disable delta property : false
2019-01-29 16:52:16.337  INFO [-,,,] 5752 --- [main] com.netflix.discovery.DiscoveryClient    : Single vip registry refresh property : null
2019-01-29 16:52:16.337  INFO [-,,,] 5752 --- [main] com.netflix.discovery.DiscoveryClient    : Force full registry fetch : false
2019-01-29 16:52:16.337  INFO [-,,,] 5752 --- [main] com.netflix.discovery.DiscoveryClient    : Application is null : false
2019-01-29 16:52:16.337  INFO [-,,,] 5752 --- [main] com.netflix.discovery.DiscoveryClient    : Registered Applications size is zero : true
2019-01-29 16:52:16.337  INFO [-,,,] 5752 --- [main] com.netflix.discovery.DiscoveryClient    : Application version is -1: true
2019-01-29 16:52:16.337  INFO [-,,,] 5752 --- [main] com.netflix.discovery.DiscoveryClient    : Getting all instance registry info from the eureka server
2019-01-29 16:52:16.344  INFO [-,,,] 5752 --- [main] com.netflix.discovery.DiscoveryClient    : The response status is 200
2019-01-29 16:52:16.345  INFO [-,,,] 5752 --- [main] com.netflix.discovery.DiscoveryClient    : Starting heartbeat executor: renew interval is: 10
2019-01-29 16:52:16.347  INFO [-,,,] 5752 --- [main] c.n.discovery.InstanceInfoReplicator     : InstanceInfoReplicator onDemand update allowed rate per min is 4
2019-01-29 16:52:16.349  INFO [-,,,] 5752 --- [main] com.netflix.discovery.DiscoveryClient    : Discovery Client initialized at timestamp 1548751936349 with initial instances count: 3
2019-01-29 16:52:16.390  INFO [-,,,] 5752 --- [main] o.s.c.n.e.s.EurekaServiceRegistry        : Registering application yonghe-min-frist with eureka with status UP
2019-01-29 16:52:16.391  INFO [-,,,] 5752 --- [main] com.netflix.discovery.DiscoveryClient    : Saw local status change event StatusChangeEvent [timestamp=1548751936391, current=UP, previous=STARTING]
2019-01-29 16:52:16.393  INFO [-,,,] 5752 --- [DiscoveryClient-InstanceInfoReplicator-0] com.netflix.discovery.DiscoveryClient    : DiscoveryClient_YONGHE-MIN-FRIST/localhost:yonghe-min-frist:8084: registering service...
2019-01-29 16:52:16.398  INFO [-,,,] 5752 --- [main] o.s.i.endpoint.EventDrivenConsumer       : Adding {logging-channel-adapter:_org.springframework.integration.errorLogger} as a subscriber to the 'errorChannel' channel
2019-01-29 16:52:16.398  INFO [-,,,] 5752 --- [main] o.s.i.channel.PublishSubscribeChannel    : Channel 'application-1.errorChannel' has 1 subscriber(s).
2019-01-29 16:52:16.398  INFO [-,,,] 5752 --- [main] o.s.i.endpoint.EventDrivenConsumer       : started _org.springframework.integration.errorLogger
2019-01-29 16:52:16.399  INFO [-,,,] 5752 --- [main] o.s.c.support.DefaultLifecycleProcessor  : Starting beans in phase 2147482647
2019-01-29 16:52:16.416  INFO [-,,,] 5752 --- [DiscoveryClient-InstanceInfoReplicator-0] com.netflix.discovery.DiscoveryClient    : DiscoveryClient_YONGHE-MIN-FRIST/localhost:yonghe-min-frist:8084 - registration status: 204
2019-01-29 16:52:16.471  INFO [-,,,] 5752 --- [main] c.s.b.r.p.RabbitExchangeQueueProvisioner : declaring queue for inbound: springCloudBus.anonymous.gmxlvN3pQKOLcYbhFy_3jg, bound to: springCloudBus
2019-01-29 16:52:16.539  INFO [-,,,] 5752 --- [main] o.s.c.stream.binder.BinderErrorChannel   : Channel 'application-1.springCloudBus.anonymous.gmxlvN3pQKOLcYbhFy_3jg.errors' has 1 subscriber(s).
2019-01-29 16:52:16.540  INFO [-,,,] 5752 --- [main] o.s.c.stream.binder.BinderErrorChannel   : Channel 'application-1.springCloudBus.anonymous.gmxlvN3pQKOLcYbhFy_3jg.errors' has 2 subscriber(s).
2019-01-29 16:52:16.615  INFO [-,,,] 5752 --- [main] o.s.i.a.i.AmqpInboundChannelAdapter      : started inbound.springCloudBus.anonymous.gmxlvN3pQKOLcYbhFy_3jg
2019-01-29 16:52:16.618  INFO [-,,,] 5752 --- [main] o.s.c.support.DefaultLifecycleProcessor  : Starting beans in phase 2147483647
2019-01-29 16:52:16.716  INFO [-,,,] 5752 --- [main] o.s.b.w.embedded.tomcat.TomcatWebServer  : Tomcat started on port(s): 8084 (http) with context path ''
2019-01-29 16:52:16.717  INFO [-,,,] 5752 --- [main] .s.c.n.e.s.EurekaAutoServiceRegistration : Updating port to 8084
2019-01-29 16:52:16.720  INFO [-,,,] 5752 --- [main] com.hoperun.shuma.MinApiApplication      : Started MinApiApplication in 45.994 seconds (JVM running for 48.865)
2019-01-29 16:52:17.473  INFO [-,,,] 5752 --- [RMI TCP Connection(9)-127.0.0.1] o.a.c.c.C.[Tomcat].[localhost].[/]       : Initializing Spring FrameworkServlet 'dispatcherServlet'
2019-01-29 16:52:17.474  INFO [-,,,] 5752 --- [RMI TCP Connection(9)-127.0.0.1] o.s.web.servlet.DispatcherServlet        : FrameworkServlet 'dispatcherServlet': initialization started
2019-01-29 16:52:17.574  INFO [-,,,] 5752 --- [RMI TCP Connection(9)-127.0.0.1] o.s.web.servlet.DispatcherServlet        : FrameworkServlet 'dispatcherServlet': initialization completed in 100 ms
2019-01-29 16:52:17.715  INFO [-,,,] 5752 --- [RMI TCP Connection(8)-127.0.0.1] c.c.c.ConfigServicePropertySourceLocator : Fetching config from server at : http://localhost:12000/
2019-01-29 16:52:20.608  INFO [-,,,] 5752 --- [RMI TCP Connection(8)-127.0.0.1] c.c.c.ConfigServicePropertySourceLocator : Located environment: name=min, profiles=[dev], label=master, version=ff18d6939a4afa951ab23917ba1ad8fd561f7278, state=null
2019-01-29 16:52:20.776  INFO [-,,,] 5752 --- [RMI TCP Connection(8)-127.0.0.1] io.lettuce.core.EpollProvider            : Starting without optional epoll library
2019-01-29 16:52:20.779  INFO [-,,,] 5752 --- [RMI TCP Connection(8)-127.0.0.1] io.lettuce.core.KqueueProvider           : Starting without optional kqueue library
2019-01-29 16:57:16.345  INFO [-,,,] 5752 --- [AsyncResolver-bootstrap-executor-0] c.n.d.s.r.aws.ConfigClusterResolver      : Resolving eureka endpoints via configuration
2019-01-29 16:57:29.677  INFO [-,31cb3392ce96b8f8,31cb3392ce96b8f8,false] 5752 --- [http-nio-8084-exec-2] c.c.c.ConfigServicePropertySourceLocator : Fetching config from server at : http://localhost:12000/
2019-01-29 16:57:35.117  INFO [-,31cb3392ce96b8f8,31cb3392ce96b8f8,false] 5752 --- [http-nio-8084-exec-2] c.c.c.ConfigServicePropertySourceLocator : Located environment: name=min, profiles=[dev], label=master, version=ff18d6939a4afa951ab23917ba1ad8fd561f7278, state=null
2019-01-29 17:02:16.352  INFO [-,,,] 5752 --- [AsyncResolver-bootstrap-executor-0] c.n.d.s.r.aws.ConfigClusterResolver      : Resolving eureka endpoints via configuration
2019-01-29 17:02:29.686  INFO [-,0b58f19b70e1d295,0b58f19b70e1d295,false] 5752 --- [http-nio-8084-exec-2] c.c.c.ConfigServicePropertySourceLocator : Fetching config from server at : http://localhost:12000/
2019-01-29 17:02:35.292  INFO [-,0b58f19b70e1d295,0b58f19b70e1d295,false] 5752 --- [http-nio-8084-exec-2] c.c.c.ConfigServicePropertySourceLocator : Located environment: name=min, profiles=[dev], label=master, version=ff18d6939a4afa951ab23917ba1ad8fd561f7278, state=null
2019-01-29 17:07:16.359  INFO [-,,,] 5752 --- [AsyncResolver-bootstrap-executor-0] c.n.d.s.r.aws.ConfigClusterResolver      : Resolving eureka endpoints via configuration
2019-01-29 17:07:29.689  INFO [-,50b8fd306ee7f1b9,50b8fd306ee7f1b9,false] 5752 --- [http-nio-8084-exec-2] c.c.c.ConfigServicePropertySourceLocator : Fetching config from server at : http://localhost:12000/
2019-01-29 17:07:35.072  INFO [-,50b8fd306ee7f1b9,50b8fd306ee7f1b9,false] 5752 --- [http-nio-8084-exec-2] c.c.c.ConfigServicePropertySourceLocator : Located environment: name=min, profiles=[dev], label=master, version=ff18d6939a4afa951ab23917ba1ad8fd561f7278, state=null
2019-01-29 17:12:16.366  INFO [-,,,] 5752 --- [AsyncResolver-bootstrap-executor-0] c.n.d.s.r.aws.ConfigClusterResolver      : Resolving eureka endpoints via configuration
2019-01-29 17:12:29.695  INFO [-,a73d16bd6ea39f63,a73d16bd6ea39f63,false] 5752 --- [http-nio-8084-exec-2] c.c.c.ConfigServicePropertySourceLocator : Fetching config from server at : http://localhost:12000/
2019-01-29 17:12:35.409  INFO [-,a73d16bd6ea39f63,a73d16bd6ea39f63,false] 5752 --- [http-nio-8084-exec-2] c.c.c.ConfigServicePropertySourceLocator : Located environment: name=min, profiles=[dev], label=master, version=ff18d6939a4afa951ab23917ba1ad8fd561f7278, state=null
2019-01-29 17:17:16.373  INFO [-,,,] 5752 --- [AsyncResolver-bootstrap-executor-0] c.n.d.s.r.aws.ConfigClusterResolver      : Resolving eureka endpoints via configuration
2019-01-29 17:17:29.700  INFO [-,dff6efbeb31c4869,dff6efbeb31c4869,false] 5752 --- [http-nio-8084-exec-2] c.c.c.ConfigServicePropertySourceLocator : Fetching config from server at : http://localhost:12000/
2019-01-29 17:17:35.172  INFO [-,dff6efbeb31c4869,dff6efbeb31c4869,false] 5752 --- [http-nio-8084-exec-2] c.c.c.ConfigServicePropertySourceLocator : Located environment: name=min, profiles=[dev], label=master, version=ff18d6939a4afa951ab23917ba1ad8fd561f7278, state=null
2019-01-29 17:22:16.380  INFO [-,,,] 5752 --- [AsyncResolver-bootstrap-executor-0] c.n.d.s.r.aws.ConfigClusterResolver      : Resolving eureka endpoints via configuration
2019-01-29 17:22:29.707  INFO [-,14431f18852b05ab,14431f18852b05ab,false] 5752 --- [http-nio-8084-exec-6] c.c.c.ConfigServicePropertySourceLocator : Fetching config from server at : http://localhost:12000/
2019-01-29 17:22:35.518  INFO [-,14431f18852b05ab,14431f18852b05ab,false] 5752 --- [http-nio-8084-exec-6] c.c.c.ConfigServicePropertySourceLocator : Located environment: name=min, profiles=[dev], label=master, version=ff18d6939a4afa951ab23917ba1ad8fd561f7278, state=null
2019-01-29 17:27:16.387  INFO [-,,,] 5752 --- [AsyncResolver-bootstrap-executor-0] c.n.d.s.r.aws.ConfigClusterResolver      : Resolving eureka endpoints via configuration
2019-01-29 17:27:29.714  INFO [-,8973cc2c253d7055,8973cc2c253d7055,false] 5752 --- [http-nio-8084-exec-7] c.c.c.ConfigServicePropertySourceLocator : Fetching config from server at : http://localhost:12000/
2019-01-29 17:27:35.236  INFO [-,8973cc2c253d7055,8973cc2c253d7055,false] 5752 --- [http-nio-8084-exec-7] c.c.c.ConfigServicePropertySourceLocator : Located environment: name=min, profiles=[dev], label=master, version=ff18d6939a4afa951ab23917ba1ad8fd561f7278, state=null
2019-01-29 17:32:16.394  INFO [-,,,] 5752 --- [AsyncResolver-bootstrap-executor-0] c.n.d.s.r.aws.ConfigClusterResolver      : Resolving eureka endpoints via configuration
2019-01-29 17:32:29.725  INFO [-,675116ee39d70b1a,675116ee39d70b1a,false] 5752 --- [http-nio-8084-exec-1] c.c.c.ConfigServicePropertySourceLocator : Fetching config from server at : http://localhost:12000/
2019-01-29 17:32:35.745  INFO [-,675116ee39d70b1a,675116ee39d70b1a,false] 5752 --- [http-nio-8084-exec-1] c.c.c.ConfigServicePropertySourceLocator : Located environment: name=min, profiles=[dev], label=master, version=ff18d6939a4afa951ab23917ba1ad8fd561f7278, state=null
